2024-10-07T20:28:31.669Z 0: 

----------------------------------------------
2024-10-07T20:28:31.686Z 1: Discord starting: {"releaseChannel":"stable","version":"0.0.70"}, modulepath: /home/lightning/.config/discord/0.0.70/modules
2024-10-07T20:28:31.703Z 2: ✅ webContents.created web1 ""
2024-10-07T20:28:31.710Z 3: ✅ window.created win1 "discord"
2024-10-07T20:28:32.025Z 4: ✅ webContents.did-finish-load web1
2024-10-07T20:28:39.582Z 5: ✅ webContents.created web2 ""
2024-10-07T20:28:39.618Z 6: ✅ window.created win2 "Discord"
2024-10-07T20:28:42.359Z 7: ✅ webContents.did-finish-load web2
2024-10-07T20:28:42.467Z 8: window.close win1
2024-10-07T20:28:42.519Z 9: webContents.destroyed web1
2024-10-07T20:28:42.524Z 10: window.closed win1
2024-10-07T20:28:45.167Z 11: window.close win2
2024-10-07T20:34:00.020Z 0: 

----------------------------------------------
2024-10-07T20:34:00.050Z 1: Discord starting: {"releaseChannel":"stable","version":"0.0.70"}, modulepath: /home/lightning/.config/discord/0.0.70/modules
2024-10-08T06:52:21.639Z 12: window.close win2
2024-10-08T16:05:00.392Z 13: before-quit
2024-10-08T16:05:00.443Z 14: window.close win2
2024-10-09T16:24:36.432Z 0: 

----------------------------------------------
2024-10-09T16:24:36.457Z 1: Discord starting: {"releaseChannel":"stable","version":"0.0.70"}, modulepath: /home/lightning/.config/discord/0.0.70/modules
2024-10-09T16:24:36.463Z 2: ✅ webContents.created web1 ""
2024-10-09T16:24:36.467Z 3: ✅ window.created win1 "discord"
2024-10-09T16:24:36.903Z 4: ✅ webContents.did-finish-load web1
2024-10-09T16:24:40.037Z 5: window.close win1
2024-10-09T16:24:40.097Z 6: webContents.destroyed web1
2024-10-11T20:40:13.365Z 0: 

----------------------------------------------
2024-10-11T20:40:13.385Z 1: Discord starting: {"releaseChannel":"stable","version":"0.0.70"}, modulepath: /home/lightning/.config/discord/0.0.70/modules
2024-10-11T20:40:13.394Z 2: ✅ webContents.created web1 ""
2024-10-11T20:40:13.398Z 3: ✅ window.created win1 "discord"
2024-10-11T20:40:13.798Z 4: ✅ webContents.did-finish-load web1
2024-10-11T21:05:21.697Z 5: window.close win1
2024-10-11T21:05:21.741Z 6: webContents.destroyed web1
